  adler32.c
  compress.c
  crc32.c
  deflate.c
  Assembler code may have bugs -- use at your own risk
  gzclose.c
  gzlib.c
  gzread.c
C:\cpython\externals\zlib-1.2.11\gzread.c(319,17): warning C4267: '=': conversión de 'size_t' a 'unsigned int'; posible pérdida de datos
C:\cpython\externals\zlib-1.2.11\gzread.c(400,18): warning C4267: '=': conversión de 'size_t' a 'unsigned int'; posible pérdida de datos
C:\cpython\externals\zlib-1.2.11\gzread.c(472,18): warning C4267: '=': conversión de 'size_t' a 'int'; posible pérdida de datos
  gzwrite.c
C:\cpython\externals\zlib-1.2.11\gzwrite.c(212,24): warning C4267: '=': conversión de 'size_t' a 'unsigned int'; posible pérdida de datos
C:\cpython\externals\zlib-1.2.11\gzwrite.c(232,21): warning C4267: '=': conversión de 'size_t' a 'unsigned int'; posible pérdida de datos
C:\cpython\externals\zlib-1.2.11\gzwrite.c(371,19): warning C4267: '=': conversión de 'size_t' a 'int'; posible pérdida de datos
  infback.c
  inffas8664.c
  inffast.c
  Assembler code may have bugs -- use at your own risk
  inflate.c
  inftrees.c
  ioapi.c
  trees.c
  uncompr.c
  unzip.c
  zip.c
  zutil.c
  Generando código...
  zlibstat.vcxproj -> C:\cpython\externals\zlib-1.2.11\contrib\vstudio\vc14\x64\ZlibStatRelease\zlibstat.lib
