  Microsoft (R) Macro Assembler Version 14.31.31107.0
  Copyright (C) Microsoft Corporation.  All rights reserved.
  
   Assembling: match686.asm
  Microsoft (R) Macro Assembler Version 14.31.31107.0
  Copyright (C) Microsoft Corporation.  All rights reserved.
  
   Assembling: inffas32.asm
  adler32.c
  compress.c
  crc32.c
  deflate.c
  Assembler code may have bugs -- use at your own risk
  gzclose.c
  gzlib.c
  gzread.c
  gzwrite.c
  infback.c
  inffast.c
  Assembler code may have bugs -- use at your own risk
  inflate.c
  inftrees.c
  ioapi.c
  iowin32.c
C:\cpython\externals\zlib-1.2.11\contrib\minizip\iowin32.c(31,32): warning C4067: símbolos (token) inesperados después de la directiva del preprocesador; se esperaba una nueva línea
  trees.c
  uncompr.c
  zutil.c
  unzip.c
  zip.c
     Creando biblioteca x86\ZlibDllRelease\zlibwapi.lib y objeto x86\ZlibDllRelease\zlibwapi.exp
  Generando código
  Previous IPDB not found, fall back to full compilation.
  All 263 functions were compiled because no usable IPDB/IOBJ from previous compilation was found.
  Generación de código finalizada
  zlibvc.vcxproj -> C:\cpython\externals\zlib-1.2.11\contrib\vstudio\vc14\x86\ZlibDllRelease\zlibwapi.dll
