  Microsoft (R) Macro Assembler (x64) Version 14.31.31107.0
  Copyright (C) Microsoft Corporation.  All rights reserved.
  
   Assembling: inffasx64.asm
  Microsoft (R) Macro Assembler (x64) Version 14.31.31107.0
  Copyright (C) Microsoft Corporation.  All rights reserved.
  
   Assembling: gvmat64.asm
  adler32.c
  compress.c
  crc32.c
  deflate.c
  Assembler code may have bugs -- use at your own risk
  gzclose.c
  gzlib.c
  gzread.c
C:\cpython\externals\zlib-1.2.11\gzread.c(319,17): warning C4267: '=': conversión de 'size_t' a 'unsigned int'; posible pérdida de datos
C:\cpython\externals\zlib-1.2.11\gzread.c(400,18): warning C4267: '=': conversión de 'size_t' a 'unsigned int'; posible pérdida de datos
C:\cpython\externals\zlib-1.2.11\gzread.c(472,18): warning C4267: '=': conversión de 'size_t' a 'int'; posible pérdida de datos
  gzwrite.c
C:\cpython\externals\zlib-1.2.11\gzwrite.c(212,24): warning C4267: '=': conversión de 'size_t' a 'unsigned int'; posible pérdida de datos
C:\cpython\externals\zlib-1.2.11\gzwrite.c(232,21): warning C4267: '=': conversión de 'size_t' a 'unsigned int'; posible pérdida de datos
C:\cpython\externals\zlib-1.2.11\gzwrite.c(371,19): warning C4267: '=': conversión de 'size_t' a 'int'; posible pérdida de datos
  infback.c
  inffas8664.c
  inffast.c
  Assembler code may have bugs -- use at your own risk
  inflate.c
  inftrees.c
  ioapi.c
  iowin32.c
C:\cpython\externals\zlib-1.2.11\contrib\minizip\iowin32.c(31,32): warning C4067: símbolos (token) inesperados después de la directiva del preprocesador; se esperaba una nueva línea
  trees.c
  uncompr.c
  zutil.c
  unzip.c
  zip.c
     Creando biblioteca x64\ZlibDllRelease\zlibwapi.lib y objeto x64\ZlibDllRelease\zlibwapi.exp
  Generando código
  Previous IPDB not found, fall back to full compilation.
  All 264 functions were compiled because no usable IPDB/IOBJ from previous compilation was found.
  Generación de código finalizada
  zlibvc.vcxproj -> C:\cpython\externals\zlib-1.2.11\contrib\vstudio\vc14\x64\ZlibDllRelease\zlibwapi.dll
