  adler32.c
  compress.c
  crc32.c
  deflate.c
  gzclose.c
  gzlib.c
  gzread.c
  gzwrite.c
  infback.c
  inffast.c
  inflate.c
  inftrees.c
  ioapi.c
  iowin32.c
C:\cpython\externals\zlib-1.2.11\contrib\minizip\iowin32.c(31,32): warning C4067: símbolos (token) inesperados después de la directiva del preprocesador; se esperaba una nueva línea
  trees.c
  uncompr.c
  unzip.c
  zip.c
  zutil.c
     Creando biblioteca x86\ZlibDllReleaseWithoutAsm\zlibwapi.lib y objeto x86\ZlibDllReleaseWithoutAsm\zlibwapi.exp
  Generando código
  Previous IPDB not found, fall back to full compilation.
  All 265 functions were compiled because no usable IPDB/IOBJ from previous compilation was found.
  Generación de código finalizada
  zlibvc.vcxproj -> C:\cpython\externals\zlib-1.2.11\contrib\vstudio\vc14\x86\ZlibDllReleaseWithoutAsm\zlibwapi.dll
